<?xml version="1.0" encoding="UTF-8"?>
<testsuite name="java_testcases.junit.crt_program.KNAPSACK_TEST" tests="10" skipped="0" failures="0" errors="0" timestamp="2024-02-22T20:38:14" hostname="LAPTOP-4B2V7VQC" time="0.545">
  <properties/>
  <testcase name="test_0" classname="java_testcases.junit.crt_program.KNAPSACK_TEST" time="0.003"/>
  <testcase name="test_1" classname="java_testcases.junit.crt_program.KNAPSACK_TEST" time="0.0"/>
  <testcase name="test_2" classname="java_testcases.junit.crt_program.KNAPSACK_TEST" time="0.001"/>
  <testcase name="test_3" classname="java_testcases.junit.crt_program.KNAPSACK_TEST" time="0.0"/>
  <testcase name="test_4" classname="java_testcases.junit.crt_program.KNAPSACK_TEST" time="0.001"/>
  <testcase name="test_5" classname="java_testcases.junit.crt_program.KNAPSACK_TEST" time="0.0"/>
  <testcase name="test_6" classname="java_testcases.junit.crt_program.KNAPSACK_TEST" time="0.0"/>
  <testcase name="test_7" classname="java_testcases.junit.crt_program.KNAPSACK_TEST" time="0.001"/>
  <testcase name="test_8" classname="java_testcases.junit.crt_program.KNAPSACK_TEST" time="0.0"/>
  <testcase name="test_9" classname="java_testcases.junit.crt_program.KNAPSACK_TEST" time="0.538"/>
  <system-out><![CDATA[]]></system-out>
  <system-err><![CDATA[]]></system-err>
</testsuite>
